<?xml version="1.0" encoding="UTF-8"?>
<!-- Generated by org.testng.reporters.JUnitReportReporter -->
<testsuite hostname="DESKTOP-P1J0737" failures="0" tests="1" name="com.demo.Flipkart" time="72.879" errors="0" timestamp="2022-10-10T16:32:07 IST" skipped="0">
  <testcase classname="com.demo.Flipkart" name="pageload" time="72.879"/>
  <system-out/>
</testsuite> <!-- com.demo.Flipkart -->
