<?xml version="1.0" encoding="UTF-8"?>
<!-- Generated by org.testng.reporters.JUnitReportReporter -->
<testsuite hostname="DESKTOP-P1J0737" failures="0" tests="1" name="com.demo.FlipkartSearch" time="77.734" errors="0" timestamp="2022-10-11T11:39:20 IST" skipped="0">
  <testcase classname="com.demo.FlipkartSearch" name="facebook" time="77.734"/>
  <system-out/>
</testsuite> <!-- com.demo.FlipkartSearch -->
