<?xml version="1.0" encoding="UTF-8"?>
<!-- Generated by org.testng.reporters.JUnitReportReporter -->
<testsuite hostname="DESKTOP-P1J0737" failures="0" tests="1" name="com.demo.FlipkartPageLoad" time="49.227" errors="0" timestamp="2022-10-11T11:43:30 IST" skipped="0">
  <testcase classname="com.demo.FlipkartPageLoad" name="pageload" time="49.227"/>
  <system-out/>
</testsuite> <!-- com.demo.FlipkartPageLoad -->
